{
  "RSpec": {
    "coverage": {
      "/Users/quinnkrug/turing/2module/little_shop_v2/app/models/item.rb": [
        1,
        1,
        null,
        null,
        null,
        null,
        null,
        1,
        1,
        1,
        null
      ],
      "/Users/quinnkrug/turing/2module/little_shop_v2/app/models/application_record.rb": [
        1,
        1,
        null
      ],
      "/Users/quinnkrug/turing/2module/little_shop_v2/app/models/order_item.rb": [
        1,
        1,
        null,
        null,
        null,
        1,
        1,
        null,
        null,
        null
      ],
      "/Users/quinnkrug/turing/2module/little_shop_v2/app/models/order.rb": [
        1,
        1,
        null,
        1,
        1,
        null,
        1,
        null
      ],
      "/Users/quinnkrug/turing/2module/little_shop_v2/app/models/user.rb": [
        1,
        1,
        1,
        null,
        null,
        null,
        null,
        null,
        null,
        null,
        1,
        1,
        null,
        1,
        null
      ],
      "/Users/quinnkrug/turing/2module/little_shop_v2/app/controllers/items_controller.rb": [
        1,
        null,
        1,
        null,
        1,
        null,
        null,
        1,
        1,
        null,
        null,
        1,
        1,
        1,
        null,
        null,
        1,
        null,
        1,
        1,
        null,
        null,
        null
      ],
      "/Users/quinnkrug/turing/2module/little_shop_v2/app/controllers/application_controller.rb": [
        1,
        1,
        null
      ],
      "/Users/quinnkrug/turing/2module/little_shop_v2/app/mailers/application_mailer.rb": [
        0,
        0,
        0,
        0
      ],
      "/Users/quinnkrug/turing/2module/little_shop_v2/app/jobs/application_job.rb": [
        0,
        0
      ],
      "/Users/quinnkrug/turing/2module/little_shop_v2/app/helpers/application_helper.rb": [
        0,
        0
      ],
      "/Users/quinnkrug/turing/2module/little_shop_v2/app/channels/application_cable/connection.rb": [
        0,
        0,
        0,
        0
      ],
      "/Users/quinnkrug/turing/2module/little_shop_v2/app/channels/application_cable/channel.rb": [
        0,
        0,
        0,
        0
      ]
    },
    "timestamp": 1540496149
  }
}
