{
  "RSpec": {
    "coverage": {
      "/Users/meghanstang/turing/2module/projects/little_shop_v2/app/models/item.rb": [
        1,
        1,
        null,
        null,
        null,
        null,
        null,
        1,
        1,
        1,
        null
      ],
      "/Users/meghanstang/turing/2module/projects/little_shop_v2/app/models/application_record.rb": [
        1,
        1,
        null
      ],
      "/Users/meghanstang/turing/2module/projects/little_shop_v2/app/models/order_item.rb": [
        1,
        1,
        null,
        null,
        null,
        1,
        1,
        null,
        null,
        null
      ],
      "/Users/meghanstang/turing/2module/projects/little_shop_v2/app/models/order.rb": [
        1,
        1,
        null,
        1,
        1,
        null,
        1,
        null
      ],
      "/Users/meghanstang/turing/2module/projects/little_shop_v2/app/models/user.rb": [
        1,
        1,
        1,
        null,
        null,
        null,
        null,
        null,
        null,
        null,
        1,
        1,
        null,
        1,
        null,
        null,
        1,
        null
      ],
      "/Users/meghanstang/turing/2module/projects/little_shop_v2/app/controllers/welcome_controller.rb": [
        1,
        null,
        1,
        null,
        null,
        null
      ],
      "/Users/meghanstang/turing/2module/projects/little_shop_v2/app/controllers/application_controller.rb": [
        1,
        1,
        null,
        1,
        0,
        null,
        null
      ],
      "/Users/meghanstang/turing/2module/projects/little_shop_v2/app/controllers/users_controller.rb": [
        1,
        null,
        1,
        null,
        null,
        1,
        1,
        null,
        null,
        1,
        1,
        1,
        0,
        0,
        0,
        null,
        1,
        null,
        null,
        null,
        1,
        null,
        1,
        1,
        null,
        null,
        null
      ],
      "/Users/meghanstang/turing/2module/projects/little_shop_v2/app/controllers/sessions_controller.rb": [
        1,
        null,
        1,
        3,
        0,
        null,
        0,
        null,
        null,
        null,
        1,
        3,
        3,
        1,
        1,
        null,
        1,
        null,
        2,
        2,
        null,
        null,
        null,
        1,
        0,
        0,
        null,
        null,
        null
      ],
      "/Users/meghanstang/turing/2module/projects/little_shop_v2/app/controllers/profile/users_controller.rb": [
        1,
        null,
        1,
        null,
        null,
        null,
        null
      ],
      "/Users/meghanstang/turing/2module/projects/little_shop_v2/app/mailers/application_mailer.rb": [
        0,
        0,
        0,
        0
      ],
      "/Users/meghanstang/turing/2module/projects/little_shop_v2/app/jobs/application_job.rb": [
        0,
        0
      ],
      "/Users/meghanstang/turing/2module/projects/little_shop_v2/app/helpers/application_helper.rb": [
        0,
        0
      ],
      "/Users/meghanstang/turing/2module/projects/little_shop_v2/app/channels/application_cable/connection.rb": [
        0,
        0,
        0,
        0
      ],
      "/Users/meghanstang/turing/2module/projects/little_shop_v2/app/channels/application_cable/channel.rb": [
        0,
        0,
        0,
        0
      ]
    },
    "timestamp": 1540506429
  }
}
